<?xml version="1.0" encoding="UTF-8"?>
<testng-results skipped="0" failed="1" ignored="0" total="2" passed="1">
  <reporter-output>
  </reporter-output>
  <suite name="Suite" duration-ms="177324" started-at="2020-04-05T15:50:14 IST" finished-at="2020-04-05T15:53:11 IST">
    <groups>
    </groups>
    <test name="Test1" duration-ms="40183" started-at="2020-04-05T15:50:14 IST" finished-at="2020-04-05T15:50:54 IST">
      <class name="com.customer_scripts.CreateProject_TC_01">
        <test-method status="PASS" signature="openBrowser()[pri:0, instance:com.customer_scripts.CreateProject_TC_01@52a86356]" name="openBrowser" is-config="true" duration-ms="18189" started-at="2020-04-05T15:50:14 IST" finished-at="2020-04-05T15:50:32 IST">
          <reporter-output>
          </reporter-output>
        </test-method> <!-- openBrowser -->
        <test-method status="PASS" signature="login()[pri:0, instance:com.customer_scripts.CreateProject_TC_01@52a86356]" name="login" is-config="true" duration-ms="14244" started-at="2020-04-05T15:50:32 IST" finished-at="2020-04-05T15:50:46 IST">
          <reporter-output>
          </reporter-output>
        </test-method> <!-- login -->
        <test-method status="PASS" signature="createProjecct()[pri:0, instance:com.customer_scripts.CreateProject_TC_01@52a86356]" name="createProjecct" duration-ms="6816" started-at="2020-04-05T15:50:46 IST" finished-at="2020-04-05T15:50:53 IST">
          <reporter-output>
          </reporter-output>
        </test-method> <!-- createProjecct -->
        <test-method status="PASS" signature="logout()[pri:0, instance:com.customer_scripts.CreateProject_TC_01@52a86356]" name="logout" is-config="true" duration-ms="125" started-at="2020-04-05T15:50:53 IST" finished-at="2020-04-05T15:50:53 IST">
          <reporter-output>
          </reporter-output>
        </test-method> <!-- logout -->
        <test-method status="PASS" signature="closeBrowser()[pri:0, instance:com.customer_scripts.CreateProject_TC_01@52a86356]" name="closeBrowser" is-config="true" duration-ms="741" started-at="2020-04-05T15:50:53 IST" finished-at="2020-04-05T15:50:54 IST">
          <reporter-output>
          </reporter-output>
        </test-method> <!-- closeBrowser -->
      </class> <!-- com.customer_scripts.CreateProject_TC_01 -->
    </test> <!-- Test1 -->
    <test name="Test2" duration-ms="137003" started-at="2020-04-05T15:50:54 IST" finished-at="2020-04-05T15:53:11 IST">
      <class name="com.project_scripts.CreateCustomer_TC_02">
        <test-method status="PASS" signature="openBrowser()[pri:0, instance:com.project_scripts.CreateCustomer_TC_02@4b4523f8]" name="openBrowser" is-config="true" duration-ms="11240" started-at="2020-04-05T15:50:54 IST" finished-at="2020-04-05T15:51:05 IST">
          <reporter-output>
          </reporter-output>
        </test-method> <!-- openBrowser -->
        <test-method status="PASS" signature="login()[pri:0, instance:com.project_scripts.CreateCustomer_TC_02@4b4523f8]" name="login" is-config="true" duration-ms="48178" started-at="2020-04-05T15:51:05 IST" finished-at="2020-04-05T15:51:54 IST">
          <reporter-output>
          </reporter-output>
        </test-method> <!-- login -->
        <test-method status="FAIL" signature="createCustome()[pri:0, instance:com.project_scripts.CreateCustomer_TC_02@4b4523f8]" name="createCustome" duration-ms="59118" started-at="2020-04-05T15:51:54 IST" finished-at="2020-04-05T15:52:53 IST">
          <exception class="org.openqa.selenium.NoSuchElementException">
            <message>
              <![CDATA[no such element: Unable to locate element: {"method":"xpath","selector":"//*[@value='Add New Customer']"}
  (Session info: chrome=80.0.3987.149)
For documentation on this error, please visit: https://www.seleniumhq.org/exceptions/no_such_element.html
Build info: version: '3.141.59', revision: 'e82be7d358', time: '2018-11-14T08:17:03'
System info: host: 'SAMPATH', ip: '192.168.174.1', os.name: 'Windows 10', os.arch: 'amd64', os.version: '10.0', java.version: '1.8.0_211'
Driver info: org.openqa.selenium.chrome.ChromeDriver
Capabilities {acceptInsecureCerts: false, browserName: chrome, browserVersion: 80.0.3987.149, chrome: {chromedriverVersion: 79.0.3945.36 (3582db32b3389..., userDataDir: C:\WINDOWS\TEMP\scoped_dir1...}, goog:chromeOptions: {debuggerAddress: localhost:57322}, javascriptEnabled: true, networkConnectionEnabled: false, pageLoadStrategy: normal, platform: WINDOWS, platformName: WINDOWS, proxy: Proxy(), setWindowRect: true, strictFileInteractability: false, timeouts: {implicit: 0, pageLoad: 300000, script: 30000}, unhandledPromptBehavior: dismiss and notify}
Session ID: 4ea133b231b7e8a755906d3d1aa883c4
*** Element info: {Using=xpath, value=//*[@value='Add New Customer']}]]>
            </message>
            <full-stacktrace>
              <![CDATA[org.openqa.selenium.NoSuchElementException: no such element: Unable to locate element: {"method":"xpath","selector":"//*[@value='Add New Customer']"}
  (Session info: chrome=80.0.3987.149)
For documentation on this error, please visit: https://www.seleniumhq.org/exceptions/no_such_element.html
Build info: version: '3.141.59', revision: 'e82be7d358', time: '2018-11-14T08:17:03'
System info: host: 'SAMPATH', ip: '192.168.174.1', os.name: 'Windows 10', os.arch: 'amd64', os.version: '10.0', java.version: '1.8.0_211'
Driver info: org.openqa.selenium.chrome.ChromeDriver
Capabilities {acceptInsecureCerts: false, browserName: chrome, browserVersion: 80.0.3987.149, chrome: {chromedriverVersion: 79.0.3945.36 (3582db32b3389..., userDataDir: C:\WINDOWS\TEMP\scoped_dir1...}, goog:chromeOptions: {debuggerAddress: localhost:57322}, javascriptEnabled: true, networkConnectionEnabled: false, pageLoadStrategy: normal, platform: WINDOWS, platformName: WINDOWS, proxy: Proxy(), setWindowRect: true, strictFileInteractability: false, timeouts: {implicit: 0, pageLoad: 300000, script: 30000}, unhandledPromptBehavior: dismiss and notify}
Session ID: 4ea133b231b7e8a755906d3d1aa883c4
*** Element info: {Using=xpath, value=//*[@value='Add New Customer']}
at sun.reflect.NativeConstructorAccessorImpl.newInstance0(Native Method)
at sun.reflect.NativeConstructorAccessorImpl.newInstance(NativeConstructorAccessorImpl.java:62)
at sun.reflect.DelegatingConstructorAccessorImpl.newInstance(DelegatingConstructorAccessorImpl.java:45)
at java.lang.reflect.Constructor.newInstance(Constructor.java:423)
at org.openqa.selenium.remote.http.W3CHttpResponseCodec.createException(W3CHttpResponseCodec.java:187)
at org.openqa.selenium.remote.http.W3CHttpResponseCodec.decode(W3CHttpResponseCodec.java:122)
at org.openqa.selenium.remote.http.W3CHttpResponseCodec.decode(W3CHttpResponseCodec.java:49)
at org.openqa.selenium.remote.HttpCommandExecutor.execute(HttpCommandExecutor.java:158)
at org.openqa.selenium.remote.service.DriverCommandExecutor.execute(DriverCommandExecutor.java:83)
at org.openqa.selenium.remote.RemoteWebDriver.execute(RemoteWebDriver.java:552)
at org.openqa.selenium.remote.RemoteWebDriver.findElement(RemoteWebDriver.java:323)
at org.openqa.selenium.remote.RemoteWebDriver.findElementByXPath(RemoteWebDriver.java:428)
at org.openqa.selenium.By$ByXPath.findElement(By.java:353)
at org.openqa.selenium.remote.RemoteWebDriver.findElement(RemoteWebDriver.java:315)
at webpages.ActiveProjectsAndCustomers.clickOnAddNewCustomer(ActiveProjectsAndCustomers.java:9)
at com.project_scripts.CreateCustomer_TC_02.createCustome(CreateCustomer_TC_02.java:19)
at sun.reflect.NativeMethodAccessorImpl.invoke0(Native Method)
at sun.reflect.NativeMethodAccessorImpl.invoke(NativeMethodAccessorImpl.java:62)
at sun.reflect.DelegatingMethodAccessorImpl.invoke(DelegatingMethodAccessorImpl.java:43)
at java.lang.reflect.Method.invoke(Method.java:498)
at org.testng.internal.MethodInvocationHelper.invokeMethod(MethodInvocationHelper.java:134)
at org.testng.internal.TestInvoker.invokeMethod(TestInvoker.java:597)
at org.testng.internal.TestInvoker.invokeTestMethod(TestInvoker.java:173)
at org.testng.internal.MethodRunner.runInSequence(MethodRunner.java:46)
at org.testng.internal.TestInvoker$MethodInvocationAgent.invoke(TestInvoker.java:816)
at org.testng.internal.TestInvoker.invokeTestMethods(TestInvoker.java:146)
at org.testng.internal.TestMethodWorker.invokeTestMethods(TestMethodWorker.java:146)
at org.testng.internal.TestMethodWorker.run(TestMethodWorker.java:128)
at java.util.ArrayList.forEach(ArrayList.java:1257)
at org.testng.TestRunner.privateRun(TestRunner.java:766)
at org.testng.TestRunner.run(TestRunner.java:587)
at org.testng.SuiteRunner.runTest(SuiteRunner.java:384)
at org.testng.SuiteRunner.runSequentially(SuiteRunner.java:378)
at org.testng.SuiteRunner.privateRun(SuiteRunner.java:337)
at org.testng.SuiteRunner.run(SuiteRunner.java:286)
at org.testng.SuiteRunnerWorker.runSuite(SuiteRunnerWorker.java:53)
at org.testng.SuiteRunnerWorker.run(SuiteRunnerWorker.java:96)
at org.testng.TestNG.runSuitesSequentially(TestNG.java:1187)
at org.testng.TestNG.runSuitesLocally(TestNG.java:1109)
at org.testng.TestNG.runSuites(TestNG.java:1039)
at org.testng.TestNG.run(TestNG.java:1007)
at org.apache.maven.surefire.testng.TestNGExecutor.run(TestNGExecutor.java:283)
at org.apache.maven.surefire.testng.TestNGXmlTestSuite.execute(TestNGXmlTestSuite.java:75)
at org.apache.maven.surefire.testng.TestNGProvider.invoke(TestNGProvider.java:120)
at org.apache.maven.surefire.booter.ForkedBooter.runSuitesInProcess(ForkedBooter.java:377)
at org.apache.maven.surefire.booter.ForkedBooter.execute(ForkedBooter.java:138)
at org.apache.maven.surefire.booter.ForkedBooter.run(ForkedBooter.java:465)
at org.apache.maven.surefire.booter.ForkedBooter.main(ForkedBooter.java:451)
]]>
            </full-stacktrace>
          </exception> <!-- org.openqa.selenium.NoSuchElementException -->
          <reporter-output>
          </reporter-output>
        </test-method> <!-- createCustome -->
        <test-method status="PASS" signature="logout()[pri:0, instance:com.project_scripts.CreateCustomer_TC_02@4b4523f8]" name="logout" is-config="true" duration-ms="17700" started-at="2020-04-05T15:52:53 IST" finished-at="2020-04-05T15:53:10 IST">
          <reporter-output>
          </reporter-output>
        </test-method> <!-- logout -->
        <test-method status="PASS" signature="closeBrowser()[pri:0, instance:com.project_scripts.CreateCustomer_TC_02@4b4523f8]" name="closeBrowser" is-config="true" duration-ms="731" started-at="2020-04-05T15:53:10 IST" finished-at="2020-04-05T15:53:11 IST">
          <reporter-output>
          </reporter-output>
        </test-method> <!-- closeBrowser -->
      </class> <!-- com.project_scripts.CreateCustomer_TC_02 -->
    </test> <!-- Test2 -->
  </suite> <!-- Suite -->
</testng-results>
